2023-04-26 01:33:01,463 - sarufi - INFO - Getting bot with id: 429
2023-04-26 01:33:11,519 - sarufi - INFO - Sending message to bot and returning response
2023-04-26 01:33:11,520 - sarufi - INFO - Sending message to bot via whatsapp
2023-04-26 01:33:12,430 - sarufi - INFO - Status code: 200
2023-04-26 01:33:12,430 - sarufi - INFO - Message sent successfully
2023-04-26 01:33:15,375 - sarufi - INFO - Sending message to bot and returning response
2023-04-26 01:33:15,375 - sarufi - INFO - Sending message to bot via whatsapp
2023-04-26 01:33:16,074 - sarufi - INFO - Status code: 200
2023-04-26 01:33:16,075 - sarufi - INFO - Message sent successfully
2023-04-26 01:33:18,869 - sarufi - INFO - Sending message to bot and returning response
2023-04-26 01:33:18,870 - sarufi - INFO - Sending message to bot via whatsapp
2023-04-26 01:33:19,519 - sarufi - INFO - Status code: 200
2023-04-26 01:33:19,519 - sarufi - INFO - Message sent successfully
2023-04-26 01:33:25,232 - sarufi - INFO - Sending message to bot and returning response
2023-04-26 01:33:25,232 - sarufi - INFO - Sending message to bot via whatsapp
2023-04-26 01:33:25,898 - sarufi - INFO - Status code: 200
2023-04-26 01:33:25,899 - sarufi - INFO - Message sent successfully
2023-04-26 01:33:29,290 - sarufi - INFO - Sending message to bot and returning response
2023-04-26 01:33:29,290 - sarufi - INFO - Sending message to bot via whatsapp
2023-04-26 01:33:29,930 - sarufi - INFO - Status code: 200
2023-04-26 01:33:29,930 - sarufi - INFO - Message sent successfully
2023-04-26 01:33:37,318 - sarufi - INFO - Sending message to bot and returning response
2023-04-26 01:33:37,318 - sarufi - INFO - Sending message to bot via whatsapp
2023-04-26 01:33:38,180 - sarufi - INFO - Status code: 200
2023-04-26 01:33:38,181 - sarufi - INFO - Message sent successfully
2023-04-26 01:33:42,437 - sarufi - INFO - Sending message to bot and returning response
2023-04-26 01:33:42,437 - sarufi - INFO - Sending message to bot via whatsapp
2023-04-26 01:33:43,081 - sarufi - INFO - Status code: 200
2023-04-26 01:33:43,082 - sarufi - INFO - Message sent successfully
2023-04-26 01:33:47,125 - sarufi - INFO - Sending message to bot and returning response
2023-04-26 01:33:47,125 - sarufi - INFO - Sending message to bot via whatsapp
2023-04-26 01:33:47,742 - sarufi - INFO - Status code: 200
2023-04-26 01:33:47,743 - sarufi - INFO - Message sent successfully
2023-04-26 01:33:51,260 - sarufi - INFO - Sending message to bot and returning response
2023-04-26 01:33:51,260 - sarufi - INFO - Sending message to bot via whatsapp
2023-04-26 01:33:51,962 - sarufi - INFO - Status code: 200
2023-04-26 01:33:51,963 - sarufi - INFO - Message sent successfully
2023-04-26 01:33:59,657 - sarufi - INFO - Sending message to bot and returning response
2023-04-26 01:33:59,657 - sarufi - INFO - Sending message to bot via whatsapp
2023-04-26 01:34:00,497 - sarufi - INFO - Status code: 200
2023-04-26 01:34:00,498 - sarufi - INFO - Message sent successfully
2023-04-26 01:34:03,252 - sarufi - INFO - Sending message to bot and returning response
2023-04-26 01:34:03,252 - sarufi - INFO - Sending message to bot via whatsapp
2023-04-26 01:34:03,897 - sarufi - INFO - Status code: 200
2023-04-26 01:34:03,898 - sarufi - INFO - Message sent successfully
2023-04-26 01:34:08,702 - sarufi - INFO - Sending message to bot and returning response
2023-04-26 01:34:08,703 - sarufi - INFO - Sending message to bot via whatsapp
2023-04-26 01:34:09,389 - sarufi - INFO - Status code: 200
2023-04-26 01:34:09,390 - sarufi - INFO - Message sent successfully
